<?xml version="1.0" encoding="UTF-8"?>
<!-- Generated by org.testng.reporters.JUnitReportReporter -->
<testsuite skipped="0" hostname="DESKTOP-S6RI0TB" name="com.testng_features.Dependency_Concept" tests="3" failures="0" timestamp="2022-02-01T03:16:20 PST" time="0.016" errors="0">
  <testcase name="prelims" time="0.016" classname="com.testng_features.Dependency_Concept"/>
  <system-out/>
  <testcase name="interview" time="0.000" classname="com.testng_features.Dependency_Concept"/>
  <system-out/>
  <testcase name="mains" time="0.000" classname="com.testng_features.Dependency_Concept"/>
  <system-out/>
</testsuite> <!-- com.testng_features.Dependency_Concept -->
