<?xml version="1.0" encoding="UTF-8"?>
<!-- Generated by org.testng.reporters.JUnitReportReporter -->
<testsuite skipped="0" hostname="DESKTOP-S6RI0TB" name="com.testng_features.Parallel_Concept" tests="2" failures="0" timestamp="2022-02-06T04:55:52 PST" time="0.015" errors="0">
  <testcase name="whtspp" time="0.000" classname="com.testng_features.Parallel_Concept"/>
  <system-out/>
  <testcase name="facebook" time="0.015" classname="com.testng_features.Parallel_Concept"/>
  <system-out/>
</testsuite> <!-- com.testng_features.Parallel_Concept -->
