<?xml version="1.0" encoding="UTF-8"?>
<!-- Generated by org.testng.reporters.JUnitReportReporter -->
<testsuite skipped="0" hostname="DESKTOP-S6RI0TB" name="com.testng_features.Simple_Annotations" tests="6" failures="0" timestamp="2022-01-28T05:27:26 PST" time="0.032" errors="0">
  <testcase name="girls" time="0.003" classname="com.testng_features.Simple_Annotations"/>
  <system-out/>
  <testcase name="girls" time="0.003" classname="com.testng_features.Simple_Annotations"/>
  <system-out/>
  <testcase name="girls" time="0.005" classname="com.testng_features.Simple_Annotations"/>
  <system-out/>
  <testcase name="kids" time="0.004" classname="com.testng_features.Simple_Annotations"/>
  <system-out/>
  <testcase name="boys" time="0.012" classname="com.testng_features.Simple_Annotations"/>
  <system-out/>
  <testcase name="girls" time="0.005" classname="com.testng_features.Simple_Annotations"/>
  <system-out/>
</testsuite> <!-- com.testng_features.Simple_Annotations -->
