<?xml version="1.0" encoding="UTF-8"?>
<!-- Generated by org.testng.reporters.JUnitReportReporter -->
<testsuite skipped="0" hostname="DESKTOP-S6RI0TB" name="com.testng_features.Grouping_Concept" tests="3" failures="0" timestamp="2022-02-01T04:19:27 PST" time="0.015" errors="0">
  <testcase name="ball" time="0.015" classname="com.testng_features.Grouping_Concept"/>
  <system-out/>
  <testcase name="bat" time="0.000" classname="com.testng_features.Grouping_Concept"/>
  <system-out/>
  <testcase name="stump" time="0.000" classname="com.testng_features.Grouping_Concept"/>
  <system-out/>
</testsuite> <!-- com.testng_features.Grouping_Concept -->
