<?xml version="1.0" encoding="UTF-8"?>
<!-- Generated by org.testng.reporters.JUnitReportReporter -->
<testsuite skipped="0" hostname="DESKTOP-S6RI0TB" name="com.testng_features.Timeout_Concept" tests="1" failures="0" timestamp="2022-02-01T03:27:12 PST" time="7.520" errors="0">
  <testcase name="procedure" time="7.520" classname="com.testng_features.Timeout_Concept"/>
  <system-out/>
</testsuite> <!-- com.testng_features.Timeout_Concept -->
