<?xml version="1.0" encoding="UTF-8"?>
<!-- Generated by org.testng.reporters.JUnitReportReporter -->
<testsuite skipped="1" hostname="DESKTOP-S6RI0TB" name="com.testng_features.Ignore_Concept" tests="2" failures="0" timestamp="2022-01-30T03:33:56 PST" time="0.012" errors="0">
  <testcase name="ball" time="0.012" classname="com.testng_features.Ignore_Concept"/>
  <system-out/>
  <testcase name="gloves" classname="com.testng_features.Ignore_Concept">
    <skipped/>
  </testcase> <!-- gloves -->
  <system-out/>
</testsuite> <!-- com.testng_features.Ignore_Concept -->
