<?xml version="1.0" encoding="UTF-8"?>
<!-- Generated by org.testng.reporters.JUnitReportReporter -->
<testsuite skipped="0" hostname="DESKTOP-S6RI0TB" name="com.testng_features.Exceptions_Concept" tests="1" failures="0" timestamp="2022-02-01T03:31:51 PST" time="0.016" errors="0">
  <testcase name="demo" time="0.016" classname="com.testng_features.Exceptions_Concept"/>
  <system-out/>
</testsuite> <!-- com.testng_features.Exceptions_Concept -->
